<?xml version="1.0" encoding="UTF-8"?>
<testng-results ignored="0" total="3" passed="3" failed="0" skipped="0">
  <reporter-output>
  </reporter-output>
  <suite started-at="2026-03-12T21:33:45 IST" name="Default suite" finished-at="2026-03-12T21:34:12 IST" duration-ms="26638">
    <groups>
    </groups>
    <test started-at="2026-03-12T21:33:45 IST" name="Default test" finished-at="2026-03-12T21:34:12 IST" duration-ms="26638">
      <class name="com.orangehrm.seleniumui.recuritment_module.SaveVacancy2Test">
        <test-method signature="login()[pri:1, instance:com.orangehrm.seleniumui.recuritment_module.SaveVacancy2Test@40844aab]" started-at="2026-03-12T21:33:45 IST" name="login" finished-at="2026-03-12T21:33:53 IST" duration-ms="8287" status="PASS">
          <reporter-output>
          </reporter-output>
        </test-method> <!-- login -->
        <test-method signature="performAction()[pri:2, instance:com.orangehrm.seleniumui.recuritment_module.SaveVacancy2Test@40844aab]" started-at="2026-03-12T21:33:53 IST" name="performAction" finished-at="2026-03-12T21:34:10 IST" duration-ms="16517" status="PASS">
          <reporter-output>
          </reporter-output>
        </test-method> <!-- performAction -->
        <test-method signature="logOutOrangeHRM()[pri:10, instance:com.orangehrm.seleniumui.recuritment_module.SaveVacancy2Test@40844aab]" started-at="2026-03-12T21:34:10 IST" name="logOutOrangeHRM" finished-at="2026-03-12T21:34:11 IST" duration-ms="1785" status="PASS">
          <reporter-output>
          </reporter-output>
        </test-method> <!-- logOutOrangeHRM -->
      </class> <!-- com.orangehrm.seleniumui.recuritment_module.SaveVacancy2Test -->
    </test> <!-- Default test -->
  </suite> <!-- Default suite -->
</testng-results>
