<?xml version="1.0" encoding="UTF-8"?>
<!-- Generated by org.testng.reporters.JUnitReportReporter -->
<testsuite hostname="DESKTOP-IK0UA2B" failures="0" tests="3" name="com.orangehrm.seleniumui.recuritment_module.SaveVacancies" time="48.659" errors="0" timestamp="2026-03-12T21:14:21 IST" skipped="0">
  <testcase classname="com.orangehrm.seleniumui.recuritment_module.SaveVacancies" name="login" time="13.606"/>
  <testcase classname="com.orangehrm.seleniumui.recuritment_module.SaveVacancies" name="performAction" time="30.403"/>
  <testcase classname="com.orangehrm.seleniumui.recuritment_module.SaveVacancies" name="logOutOrangeHRM" time="4.650"/>
</testsuite> <!-- com.orangehrm.seleniumui.recuritment_module.SaveVacancies -->
