<?xml version="1.0" encoding="UTF-8"?>
<!-- Generated by org.testng.reporters.JUnitReportReporter -->
<testsuite hostname="DESKTOP-IK0UA2B" failures="0" tests="4" name="recuritmentModule.AddRecruitments" time="27.756" errors="0" timestamp="2026-03-11T22:45:26 IST" skipped="0">
  <testcase classname="recuritmentModule.AddRecruitments" name="login" time="12.195"/>
  <testcase classname="recuritmentModule.AddRecruitments" name="performAction" time="10.626"/>
  <testcase classname="recuritmentModule.AddRecruitments" name="verify" time="4.933"/>
  <testcase classname="recuritmentModule.AddRecruitments" name="logOutOrangeHRM" time="0.002"/>
</testsuite> <!-- recuritmentModule.AddRecruitments -->
