<?xml version="1.0" encoding="UTF-8"?>
<!-- Generated by org.testng.reporters.JUnitReportReporter -->
<testsuite hostname="DESKTOP-IK0UA2B" failures="0" tests="3" name="recuritmentModule.SaveVacancies" time="26.069" errors="0" timestamp="2026-03-11T22:07:37 IST" skipped="0">
  <testcase classname="recuritmentModule.SaveVacancies" name="login" time="9.819"/>
  <testcase classname="recuritmentModule.SaveVacancies" name="performAction" time="13.942"/>
  <testcase classname="recuritmentModule.SaveVacancies" name="logOutOrangeHRM" time="2.308"/>
</testsuite> <!-- recuritmentModule.SaveVacancies -->
