<?xml version="1.0" encoding="UTF-8"?>
<!-- Generated by org.testng.reporters.JUnitReportReporter -->
<testsuite hostname="DESKTOP-IK0UA2B" failures="0" tests="3" name="buzz.BuzzTest" time="14.248" errors="0" timestamp="2026-03-11T23:33:22 IST" skipped="0">
  <testcase classname="buzz.BuzzTest" name="login" time="6.883"/>
  <testcase classname="buzz.BuzzTest" name="performAction" time="7.363"/>
  <testcase classname="buzz.BuzzTest" name="logOutOrangeHRM" time="0.002"/>
</testsuite> <!-- buzz.BuzzTest -->
