<?xml version="1.0" encoding="UTF-8"?>
<!-- Generated by org.testng.reporters.JUnitReportReporter -->
<testsuite hostname="DESKTOP-IK0UA2B" failures="0" tests="4" name="pimModule.AddEmployee" time="29.996" errors="0" timestamp="2026-03-12T07:55:30 IST" skipped="0">
  <testcase classname="pimModule.AddEmployee" name="login" time="6.902"/>
  <testcase classname="pimModule.AddEmployee" name="perform1" time="15.063"/>
  <testcase classname="pimModule.AddEmployee" name="verifyAddedData" time="6.655"/>
  <testcase classname="pimModule.AddEmployee" name="logOutOrangeHRM" time="1.376"/>
</testsuite> <!-- pimModule.AddEmployee -->
