<?xml version="1.0" encoding="UTF-8"?>
<!-- Generated by org.testng.reporters.JUnitReportReporter -->
<testsuite hostname="DESKTOP-IK0UA2B" failures="0" tests="4" name="com.orangehrm.seleniumui.recuritment_module.AddRecruitments" time="40.966" errors="0" timestamp="2026-03-12T21:08:17 IST" skipped="0">
  <testcase classname="com.orangehrm.seleniumui.recuritment_module.AddRecruitments" name="login" time="13.831"/>
  <testcase classname="com.orangehrm.seleniumui.recuritment_module.AddRecruitments" name="performAction" time="20.174"/>
  <testcase classname="com.orangehrm.seleniumui.recuritment_module.AddRecruitments" name="verify" time="6.958"/>
  <testcase classname="com.orangehrm.seleniumui.recuritment_module.AddRecruitments" name="logOutOrangeHRM" time="0.003"/>
</testsuite> <!-- com.orangehrm.seleniumui.recuritment_module.AddRecruitments -->
