<?xml version="1.0" encoding="UTF-8"?>
<!-- Generated by org.testng.reporters.JUnitReportReporter -->
<testsuite hostname="DESKTOP-IK0UA2B" failures="0" tests="3" name="com.orangehrm.seleniumui.my_info.myInfoChangeTest" time="17.520" errors="0" timestamp="2026-03-12T15:07:54 IST" skipped="0">
  <testcase classname="com.orangehrm.seleniumui.my_info.myInfoChangeTest" name="login" time="11.037"/>
  <testcase classname="com.orangehrm.seleniumui.my_info.myInfoChangeTest" name="performAction" time="6.482"/>
  <testcase classname="com.orangehrm.seleniumui.my_info.myInfoChangeTest" name="logOutOrangeHRM" time="0.001"/>
</testsuite> <!-- com.orangehrm.seleniumui.my_info.myInfoChangeTest -->
