<?xml version="1.0" encoding="UTF-8"?>
<!-- Generated by org.testng.reporters.JUnitReportReporter -->
<testsuite hostname="DESKTOP-IK0UA2B" failures="0" tests="4" name="pimcom.orangehrm.seleniumui.pim_module.AddConfigurationTermination" time="26.592" errors="0" timestamp="2026-03-12T20:38:19 IST" skipped="0">
  <testcase classname="pimcom.orangehrm.seleniumui.pim_module.AddConfigurationTermination" name="login" time="10.206"/>
  <testcase classname="pimcom.orangehrm.seleniumui.pim_module.AddConfigurationTermination" name="performAction" time="8.730"/>
  <testcase classname="pimcom.orangehrm.seleniumui.pim_module.AddConfigurationTermination" name="verifyAddedData" time="6.191"/>
  <testcase classname="pimcom.orangehrm.seleniumui.pim_module.AddConfigurationTermination" name="logOutOrangeHRM" time="1.465"/>
</testsuite> <!-- pimcom.orangehrm.seleniumui.pim_module.AddConfigurationTermination -->
