<?xml version="1.0" encoding="UTF-8"?>
<!-- Generated by org.testng.reporters.JUnitReportReporter -->
<testsuite hostname="DESKTOP-IK0UA2B" failures="0" tests="3" name="com.orangehrm.seleniumui.recuritment_module.SaveVacancy2Test" time="26.589" errors="0" timestamp="2026-03-12T21:34:12 IST" skipped="0">
  <testcase classname="com.orangehrm.seleniumui.recuritment_module.SaveVacancy2Test" name="login" time="8.287"/>
  <testcase classname="com.orangehrm.seleniumui.recuritment_module.SaveVacancy2Test" name="performAction" time="16.517"/>
  <testcase classname="com.orangehrm.seleniumui.recuritment_module.SaveVacancy2Test" name="logOutOrangeHRM" time="1.785"/>
</testsuite> <!-- com.orangehrm.seleniumui.recuritment_module.SaveVacancy2Test -->
