<?xml version="1.0" encoding="UTF-8"?>
<!-- Generated by org.testng.reporters.JUnitReportReporter -->
<testsuite hostname="DESKTOP-IK0UA2B" failures="0" tests="4" name="pimModule.AddConfigurationTermination" time="20.921" errors="0" timestamp="2026-03-12T08:13:20 IST" skipped="0">
  <testcase classname="pimModule.AddConfigurationTermination" name="login" time="5.056"/>
  <testcase classname="pimModule.AddConfigurationTermination" name="performAction" time="7.824"/>
  <testcase classname="pimModule.AddConfigurationTermination" name="verifyAddedData" time="6.819"/>
  <testcase classname="pimModule.AddConfigurationTermination" name="logOutOrangeHRM" time="1.222"/>
</testsuite> <!-- pimModule.AddConfigurationTermination -->
