<?xml version="1.0" encoding="UTF-8"?>
<!-- Generated by org.testng.reporters.JUnitReportReporter -->
<testsuite hostname="DESKTOP-IK0UA2B" failures="0" tests="4" name="pimModule.AddEmployee" time="32.045" errors="0" timestamp="2026-03-11T21:06:22 IST" skipped="0">
  <testcase classname="pimModule.AddEmployee" name="test1" time="12.331"/>
  <testcase classname="pimModule.AddEmployee" name="perform1" time="9.617"/>
  <testcase classname="pimModule.AddEmployee" name="verifyAddedData" time="8.693"/>
  <testcase classname="pimModule.AddEmployee" name="logOutOrangeHRM" time="1.404"/>
</testsuite> <!-- pimModule.AddEmployee -->
